<?xml version="1.0" encoding="UTF-8"?>
<!-- Generated by org.testng.reporters.JUnitReportReporter -->
<testsuite hostname="MPL-3DJB5Y2" failures="0" tests="2" name="test.test.Seleniumtest" time="22.130" errors="0" timestamp="2020-10-19T13:02:04 IST" skipped="0">
  <testcase classname="test.test.Seleniumtest" name="LaunchBrowser" time="14.879"/>
  <system-out/>
  <testcase classname="test.test.Seleniumtest" name="amazon" time="7.251"/>
  <system-out/>
</testsuite> <!-- test.test.Seleniumtest -->
