<?xml version="1.0" encoding="UTF-8"?>
<!-- Generated by org.testng.reporters.JUnitReportReporter -->
<testsuite hostname="MPL-3DJB5Y2" failures="0" tests="2" name="test.test.Seleniumtest" time="22.849" errors="0" timestamp="2020-10-19T12:33:16 IST" skipped="0">
  <testcase classname="test.test.Seleniumtest" name="LaunchBrowser" time="15.485"/>
  <system-out/>
  <testcase classname="test.test.Seleniumtest" name="amazon" time="7.364"/>
  <system-out/>
</testsuite> <!-- test.test.Seleniumtest -->
